{
  "RSpec": {
    "coverage": {
      "/Users/maggiehibberd/bank_app/spec/bank_spec.rb": {
        "lines": [
          null,
          null,
          1,
          1,
          1,
          1,
          1,
          1,
          1,
          null,
          null,
          null,
          null,
          1,
          1,
          1,
          1,
          1,
          1,
          null,
          1,
          1,
          1,
          1,
          1,
          1,
          null,
          1,
          1,
          1,
          1,
          null,
          null,
          null,
          null,
          1,
          1,
          1,
          1,
          1,
          1,
          1,
          null,
          1,
          1,
          1,
          1,
          1,
          1,
          null,
          null,
          null,
          null,
          1,
          1,
          1,
          2,
          null,
          null,
          null
        ]
      },
      "/Users/maggiehibberd/bank_app/lib/bank.rb": {
        "lines": [
          null,
          null,
          1,
          1,
          null,
          1,
          9,
          9,
          null,
          null,
          1,
          9,
          9,
          9,
          null,
          null,
          1,
          3,
          null,
          2,
          2,
          2,
          2,
          null,
          null
        ]
      },
      "/Users/maggiehibberd/bank_app/spec/feautures/feature_spec.rb": {
        "lines": [
          null,
          null,
          1,
          1,
          null,
          1,
          1,
          1,
          1,
          null,
          null,
          1,
          1,
          1,
          1,
          null,
          1,
          2,
          null,
          null,
          null,
          null
        ]
      },
      "/Users/maggiehibberd/bank_app/lib/statement.rb": {
        "lines": [
          null,
          null,
          1,
          null,
          1,
          1,
          7,
          7,
          null,
          null,
          1,
          12,
          null,
          null,
          null
        ]
      },
      "/Users/maggiehibberd/bank_app/spec/statement_spec.rb": {
        "lines": [
          null,
          null,
          1,
          1,
          null,
          1,
          1,
          1,
          1,
          1,
          1,
          null,
          1,
          1,
          null,
          1,
          1,
          1,
          null,
          1,
          1,
          null,
          1,
          1,
          1,
          1,
          null,
          1,
          1,
          null,
          null,
          1,
          1,
          1,
          1,
          1,
          null,
          null,
          null
        ]
      }
    },
    "timestamp": 1622128475
  }
}
